{"C:\\Users\\athena.whiteley\\OneDrive - Apexon\\PracticeProjects\\Magic8BallGame\\Game\\src\\App.tsx": {"path":"C:\\Users\\athena.whiteley\\OneDrive - Apexon\\PracticeProjects\\Magic8BallGame\\Game\\src\\App.tsx","all":true,"statementMap":{"0":{"start":{"line":1,"column":0},"end":{"line":1,"column":18}},"1":{"start":{"line":2,"column":0},"end":{"line":2,"column":0}},"2":{"start":{"line":3,"column":0},"end":{"line":3,"column":39}},"3":{"start":{"line":4,"column":0},"end":{"line":4,"column":51}},"4":{"start":{"line":5,"column":0},"end":{"line":5,"column":49}},"5":{"start":{"line":6,"column":0},"end":{"line":6,"column":42}},"6":{"start":{"line":7,"column":0},"end":{"line":7,"column":41}},"7":{"start":{"line":8,"column":0},"end":{"line":8,"column":55}},"8":{"start":{"line":9,"column":0},"end":{"line":9,"column":0}},"9":{"start":{"line":10,"column":0},"end":{"line":10,"column":0}},"10":{"start":{"line":11,"column":0},"end":{"line":11,"column":16}},"11":{"start":{"line":12,"column":0},"end":{"line":12,"column":0}},"12":{"start":{"line":13,"column":0},"end":{"line":13,"column":4}},"13":{"start":{"line":14,"column":0},"end":{"line":14,"column":50}},"14":{"start":{"line":15,"column":0},"end":{"line":15,"column":54}},"15":{"start":{"line":16,"column":0},"end":{"line":16,"column":52}},"16":{"start":{"line":17,"column":0},"end":{"line":17,"column":61}},"17":{"start":{"line":18,"column":0},"end":{"line":18,"column":1}},"18":{"start":{"line":19,"column":0},"end":{"line":19,"column":0}},"19":{"start":{"line":20,"column":0},"end":{"line":20,"column":104}},"20":{"start":{"line":21,"column":0},"end":{"line":21,"column":0}},"21":{"start":{"line":22,"column":0},"end":{"line":22,"column":31}},"22":{"start":{"line":23,"column":0},"end":{"line":23,"column":63}},"23":{"start":{"line":24,"column":0},"end":{"line":24,"column":24}},"24":{"start":{"line":25,"column":0},"end":{"line":25,"column":21}},"25":{"start":{"line":26,"column":0},"end":{"line":26,"column":73}},"26":{"start":{"line":27,"column":0},"end":{"line":27,"column":53}},"27":{"start":{"line":28,"column":0},"end":{"line":28,"column":19}},"28":{"start":{"line":29,"column":0},"end":{"line":29,"column":25}},"29":{"start":{"line":30,"column":0},"end":{"line":30,"column":106}},"30":{"start":{"line":31,"column":0},"end":{"line":31,"column":5}},"31":{"start":{"line":32,"column":0},"end":{"line":32,"column":3}},"32":{"start":{"line":33,"column":0},"end":{"line":33,"column":4}},"33":{"start":{"line":34,"column":0},"end":{"line":34,"column":10}},"34":{"start":{"line":35,"column":0},"end":{"line":35,"column":0}},"35":{"start":{"line":36,"column":0},"end":{"line":36,"column":6}},"36":{"start":{"line":37,"column":0},"end":{"line":37,"column":18}},"37":{"start":{"line":38,"column":0},"end":{"line":38,"column":15}},"38":{"start":{"line":39,"column":0},"end":{"line":39,"column":15}},"39":{"start":{"line":40,"column":0},"end":{"line":40,"column":20}},"40":{"start":{"line":41,"column":0},"end":{"line":41,"column":12}},"41":{"start":{"line":42,"column":0},"end":{"line":42,"column":19}},"42":{"start":{"line":43,"column":0},"end":{"line":43,"column":16}},"43":{"start":{"line":44,"column":0},"end":{"line":44,"column":19}},"44":{"start":{"line":45,"column":0},"end":{"line":45,"column":7}},"45":{"start":{"line":46,"column":0},"end":{"line":46,"column":3}},"46":{"start":{"line":47,"column":0},"end":{"line":47,"column":1}},"47":{"start":{"line":48,"column":0},"end":{"line":48,"column":0}},"48":{"start":{"line":49,"column":0},"end":{"line":49,"column":18}}},"s":{"0":0,"1":0,"2":0,"3":0,"4":0,"5":0,"6":0,"7":0,"8":0,"9":0,"10":0,"11":0,"12":0,"13":0,"14":0,"15":0,"16":0,"17":0,"18":0,"19":0,"20":0,"21":0,"22":0,"23":0,"24":0,"25":0,"26":0,"27":0,"28":0,"29":0,"30":0,"31":0,"32":0,"33":0,"34":0,"35":0,"36":0,"37":0,"38":0,"39":0,"40":0,"41":0,"42":0,"43":0,"44":0,"45":0,"46":0,"47":0,"48":0},"branchMap":{"0":{"type":"branch","line":1,"loc":{"start":{"line":1,"column":0},"end":{"line":49,"column":18}},"locations":[{"start":{"line":1,"column":0},"end":{"line":49,"column":18}}]}},"b":{"0":[0]},"fnMap":{"0":{"name":"(empty-report)","decl":{"start":{"line":1,"column":0},"end":{"line":49,"column":18}},"loc":{"start":{"line":1,"column":0},"end":{"line":49,"column":18}},"line":1}},"f":{"0":0}}
,"C:\\Users\\athena.whiteley\\OneDrive - Apexon\\PracticeProjects\\Magic8BallGame\\Game\\src\\Result.tsx": {"path":"C:\\Users\\athena.whiteley\\OneDrive - Apexon\\PracticeProjects\\Magic8BallGame\\Game\\src\\Result.tsx","all":true,"statementMap":{"0":{"start":{"line":1,"column":0},"end":{"line":1,"column":50}},"1":{"start":{"line":2,"column":0},"end":{"line":2,"column":0}},"2":{"start":{"line":3,"column":0},"end":{"line":3,"column":19}},"3":{"start":{"line":4,"column":0},"end":{"line":4,"column":10}},"4":{"start":{"line":5,"column":0},"end":{"line":5,"column":6}},"5":{"start":{"line":6,"column":0},"end":{"line":6,"column":6}},"6":{"start":{"line":7,"column":0},"end":{"line":7,"column":7}},"7":{"start":{"line":8,"column":0},"end":{"line":8,"column":3}},"8":{"start":{"line":9,"column":0},"end":{"line":9,"column":1}},"9":{"start":{"line":10,"column":0},"end":{"line":10,"column":0}},"10":{"start":{"line":11,"column":0},"end":{"line":11,"column":21}}},"s":{"0":0,"1":0,"2":0,"3":0,"4":0,"5":0,"6":0,"7":0,"8":0,"9":0,"10":0},"branchMap":{"0":{"type":"branch","line":1,"loc":{"start":{"line":1,"column":0},"end":{"line":11,"column":21}},"locations":[{"start":{"line":1,"column":0},"end":{"line":11,"column":21}}]}},"b":{"0":[0]},"fnMap":{"0":{"name":"(empty-report)","decl":{"start":{"line":1,"column":0},"end":{"line":11,"column":21}},"loc":{"start":{"line":1,"column":0},"end":{"line":11,"column":21}},"line":1}},"f":{"0":0}}
,"C:\\Users\\athena.whiteley\\OneDrive - Apexon\\PracticeProjects\\Magic8BallGame\\Game\\src\\main.tsx": {"path":"C:\\Users\\athena.whiteley\\OneDrive - Apexon\\PracticeProjects\\Magic8BallGame\\Game\\src\\main.tsx","all":true,"statementMap":{"0":{"start":{"line":1,"column":0},"end":{"line":1,"column":34}},"1":{"start":{"line":2,"column":0},"end":{"line":2,"column":45}},"2":{"start":{"line":3,"column":0},"end":{"line":3,"column":23}},"3":{"start":{"line":4,"column":0},"end":{"line":4,"column":0}},"4":{"start":{"line":5,"column":0},"end":{"line":5,"column":0}},"5":{"start":{"line":6,"column":0},"end":{"line":6,"column":52}},"6":{"start":{"line":7,"column":0},"end":{"line":7,"column":14}},"7":{"start":{"line":8,"column":0},"end":{"line":8,"column":10}},"8":{"start":{"line":9,"column":0},"end":{"line":9,"column":16}},"9":{"start":{"line":10,"column":0},"end":{"line":10,"column":1}}},"s":{"0":0,"1":0,"2":0,"3":0,"4":0,"5":0,"6":0,"7":0,"8":0,"9":0},"branchMap":{"0":{"type":"branch","line":1,"loc":{"start":{"line":1,"column":0},"end":{"line":10,"column":1}},"locations":[{"start":{"line":1,"column":0},"end":{"line":10,"column":1}}]}},"b":{"0":[0]},"fnMap":{"0":{"name":"(empty-report)","decl":{"start":{"line":1,"column":0},"end":{"line":10,"column":1}},"loc":{"start":{"line":1,"column":0},"end":{"line":10,"column":1}},"line":1}},"f":{"0":0}}
,"C:\\Users\\athena.whiteley\\OneDrive - Apexon\\PracticeProjects\\Magic8BallGame\\Game\\src\\Components\\Counter.tsx": {"path":"C:\\Users\\athena.whiteley\\OneDrive - Apexon\\PracticeProjects\\Magic8BallGame\\Game\\src\\Components\\Counter.tsx","all":true,"statementMap":{"0":{"start":{"line":1,"column":0},"end":{"line":1,"column":19}},"1":{"start":{"line":2,"column":0},"end":{"line":2,"column":54}},"2":{"start":{"line":3,"column":0},"end":{"line":3,"column":0}},"3":{"start":{"line":4,"column":0},"end":{"line":4,"column":20}},"4":{"start":{"line":5,"column":0},"end":{"line":5,"column":32}},"5":{"start":{"line":6,"column":0},"end":{"line":6,"column":10}},"6":{"start":{"line":7,"column":0},"end":{"line":7,"column":6}},"7":{"start":{"line":8,"column":0},"end":{"line":8,"column":67}},"8":{"start":{"line":9,"column":0},"end":{"line":9,"column":7}},"9":{"start":{"line":10,"column":0},"end":{"line":10,"column":3}},"10":{"start":{"line":11,"column":0},"end":{"line":11,"column":1}},"11":{"start":{"line":12,"column":0},"end":{"line":12,"column":0}},"12":{"start":{"line":13,"column":0},"end":{"line":13,"column":22}}},"s":{"0":0,"1":0,"2":0,"3":0,"4":0,"5":0,"6":0,"7":0,"8":0,"9":0,"10":0,"11":0,"12":0},"branchMap":{"0":{"type":"branch","line":1,"loc":{"start":{"line":1,"column":0},"end":{"line":13,"column":22}},"locations":[{"start":{"line":1,"column":0},"end":{"line":13,"column":22}}]}},"b":{"0":[0]},"fnMap":{"0":{"name":"(empty-report)","decl":{"start":{"line":1,"column":0},"end":{"line":13,"column":22}},"loc":{"start":{"line":1,"column":0},"end":{"line":13,"column":22}},"line":1}},"f":{"0":0}}
,"C:\\Users\\athena.whiteley\\OneDrive - Apexon\\PracticeProjects\\Magic8BallGame\\Game\\src\\Components\\ImageHolder.tsx": {"path":"C:\\Users\\athena.whiteley\\OneDrive - Apexon\\PracticeProjects\\Magic8BallGame\\Game\\src\\Components\\ImageHolder.tsx","all":false,"statementMap":{"0":{"start":{"line":1,"column":0},"end":{"line":1,"column":52}},"1":{"start":{"line":2,"column":0},"end":{"line":2,"column":52}},"2":{"start":{"line":3,"column":0},"end":{"line":3,"column":50}},"3":{"start":{"line":4,"column":0},"end":{"line":4,"column":56}},"5":{"start":{"line":6,"column":0},"end":{"line":6,"column":19}},"7":{"start":{"line":8,"column":0},"end":{"line":8,"column":54}},"8":{"start":{"line":9,"column":0},"end":{"line":9,"column":50}},"10":{"start":{"line":11,"column":0},"end":{"line":11,"column":37}},"11":{"start":{"line":12,"column":0},"end":{"line":12,"column":33}},"12":{"start":{"line":13,"column":0},"end":{"line":13,"column":35}},"13":{"start":{"line":14,"column":0},"end":{"line":14,"column":31}},"14":{"start":{"line":15,"column":0},"end":{"line":15,"column":39}},"16":{"start":{"line":17,"column":0},"end":{"line":17,"column":12}},"17":{"start":{"line":18,"column":0},"end":{"line":18,"column":35}},"18":{"start":{"line":19,"column":0},"end":{"line":19,"column":74}},"19":{"start":{"line":20,"column":0},"end":{"line":20,"column":47}},"20":{"start":{"line":21,"column":0},"end":{"line":21,"column":10}},"21":{"start":{"line":22,"column":0},"end":{"line":22,"column":110}},"22":{"start":{"line":23,"column":0},"end":{"line":23,"column":12}},"24":{"start":{"line":25,"column":0},"end":{"line":25,"column":1}},"26":{"start":{"line":27,"column":0},"end":{"line":27,"column":26}}},"s":{"0":1,"1":1,"2":1,"3":1,"5":1,"7":1,"8":1,"10":1,"11":2,"12":2,"13":2,"14":2,"16":2,"17":2,"18":2,"19":2,"20":2,"21":2,"22":2,"24":2,"26":1},"branchMap":{"0":{"type":"branch","line":11,"loc":{"start":{"line":11,"column":30},"end":{"line":25,"column":1}},"locations":[{"start":{"line":11,"column":30},"end":{"line":25,"column":1}}]},"1":{"type":"branch","line":19,"loc":{"start":{"line":19,"column":18},"end":{"line":19,"column":42}},"locations":[{"start":{"line":19,"column":18},"end":{"line":19,"column":42}}]},"2":{"type":"branch","line":20,"loc":{"start":{"line":20,"column":22},"end":{"line":20,"column":44}},"locations":[{"start":{"line":20,"column":22},"end":{"line":20,"column":44}}]},"3":{"type":"branch","line":22,"loc":{"start":{"line":22,"column":75},"end":{"line":22,"column":99}},"locations":[{"start":{"line":22,"column":75},"end":{"line":22,"column":99}}]}},"b":{"0":[2],"1":[0],"2":[0],"3":[0]},"fnMap":{"0":{"name":"ImageHolder","decl":{"start":{"line":11,"column":30},"end":{"line":25,"column":1}},"loc":{"start":{"line":11,"column":30},"end":{"line":25,"column":1}},"line":11}},"f":{"0":2}}
,"C:\\Users\\athena.whiteley\\OneDrive - Apexon\\PracticeProjects\\Magic8BallGame\\Game\\src\\Components\\InputField.tsx": {"path":"C:\\Users\\athena.whiteley\\OneDrive - Apexon\\PracticeProjects\\Magic8BallGame\\Game\\src\\Components\\InputField.tsx","all":false,"statementMap":{"0":{"start":{"line":1,"column":0},"end":{"line":1,"column":56}},"1":{"start":{"line":2,"column":0},"end":{"line":2,"column":50}},"2":{"start":{"line":3,"column":0},"end":{"line":3,"column":52}},"3":{"start":{"line":4,"column":0},"end":{"line":4,"column":52}},"4":{"start":{"line":5,"column":0},"end":{"line":5,"column":54}},"5":{"start":{"line":6,"column":0},"end":{"line":6,"column":54}},"7":{"start":{"line":8,"column":0},"end":{"line":8,"column":36}},"10":{"start":{"line":11,"column":0},"end":{"line":11,"column":52}},"11":{"start":{"line":12,"column":0},"end":{"line":12,"column":43}},"12":{"start":{"line":13,"column":0},"end":{"line":13,"column":38}},"13":{"start":{"line":14,"column":0},"end":{"line":14,"column":46}},"14":{"start":{"line":15,"column":0},"end":{"line":15,"column":38}},"15":{"start":{"line":16,"column":0},"end":{"line":16,"column":40}},"18":{"start":{"line":19,"column":0},"end":{"line":19,"column":33}},"19":{"start":{"line":20,"column":0},"end":{"line":20,"column":70}},"20":{"start":{"line":21,"column":0},"end":{"line":21,"column":30}},"21":{"start":{"line":22,"column":0},"end":{"line":22,"column":26}},"22":{"start":{"line":23,"column":0},"end":{"line":23,"column":37}},"27":{"start":{"line":28,"column":0},"end":{"line":28,"column":41}},"28":{"start":{"line":29,"column":0},"end":{"line":29,"column":38}},"30":{"start":{"line":31,"column":0},"end":{"line":31,"column":28}},"31":{"start":{"line":32,"column":0},"end":{"line":32,"column":65}},"32":{"start":{"line":33,"column":0},"end":{"line":33,"column":54}},"33":{"start":{"line":34,"column":0},"end":{"line":34,"column":35}},"34":{"start":{"line":35,"column":0},"end":{"line":35,"column":42}},"35":{"start":{"line":36,"column":0},"end":{"line":36,"column":43}},"36":{"start":{"line":37,"column":0},"end":{"line":37,"column":43}},"37":{"start":{"line":38,"column":0},"end":{"line":38,"column":43}},"38":{"start":{"line":39,"column":0},"end":{"line":39,"column":45}},"39":{"start":{"line":40,"column":0},"end":{"line":40,"column":45}},"41":{"start":{"line":42,"column":0},"end":{"line":42,"column":32}},"42":{"start":{"line":43,"column":0},"end":{"line":43,"column":22}},"43":{"start":{"line":44,"column":0},"end":{"line":44,"column":68}},"44":{"start":{"line":45,"column":0},"end":{"line":45,"column":13}},"45":{"start":{"line":46,"column":0},"end":{"line":46,"column":18}},"46":{"start":{"line":47,"column":0},"end":{"line":47,"column":65}},"47":{"start":{"line":48,"column":0},"end":{"line":48,"column":54}},"48":{"start":{"line":49,"column":0},"end":{"line":49,"column":35}},"49":{"start":{"line":50,"column":0},"end":{"line":50,"column":42}},"50":{"start":{"line":51,"column":0},"end":{"line":51,"column":43}},"51":{"start":{"line":52,"column":0},"end":{"line":52,"column":43}},"52":{"start":{"line":53,"column":0},"end":{"line":53,"column":43}},"53":{"start":{"line":54,"column":0},"end":{"line":54,"column":45}},"54":{"start":{"line":55,"column":0},"end":{"line":55,"column":46}},"56":{"start":{"line":57,"column":0},"end":{"line":57,"column":32}},"57":{"start":{"line":58,"column":0},"end":{"line":58,"column":22}},"58":{"start":{"line":59,"column":0},"end":{"line":59,"column":68}},"59":{"start":{"line":60,"column":0},"end":{"line":60,"column":13}},"62":{"start":{"line":63,"column":0},"end":{"line":63,"column":31}},"64":{"start":{"line":65,"column":0},"end":{"line":65,"column":9}},"65":{"start":{"line":66,"column":0},"end":{"line":66,"column":5}},"67":{"start":{"line":68,"column":0},"end":{"line":68,"column":12}},"68":{"start":{"line":69,"column":0},"end":{"line":69,"column":36}},"69":{"start":{"line":70,"column":0},"end":{"line":70,"column":144}},"70":{"start":{"line":71,"column":0},"end":{"line":71,"column":106}},"71":{"start":{"line":72,"column":0},"end":{"line":72,"column":14}},"75":{"start":{"line":76,"column":0},"end":{"line":76,"column":1}},"77":{"start":{"line":78,"column":0},"end":{"line":78,"column":25}}},"s":{"0":1,"1":1,"2":1,"3":1,"4":1,"5":1,"7":1,"10":5,"11":5,"12":5,"13":5,"14":5,"15":5,"18":5,"19":5,"20":0,"21":0,"22":0,"27":0,"28":0,"30":0,"31":0,"32":0,"33":0,"34":0,"35":0,"36":0,"37":0,"38":0,"39":0,"41":0,"42":0,"43":0,"44":0,"45":0,"46":0,"47":0,"48":0,"49":0,"50":0,"51":0,"52":0,"53":0,"54":0,"56":0,"57":0,"58":0,"59":0,"62":0,"64":0,"65":5,"67":5,"68":5,"69":5,"70":5,"71":5,"75":5,"77":1},"branchMap":{"0":{"type":"branch","line":8,"loc":{"start":{"line":8,"column":29},"end":{"line":76,"column":1}},"locations":[{"start":{"line":8,"column":29},"end":{"line":76,"column":1}}]},"1":{"type":"branch","line":19,"loc":{"start":{"line":19,"column":26},"end":{"line":66,"column":5}},"locations":[{"start":{"line":19,"column":26},"end":{"line":66,"column":5}}]},"2":{"type":"branch","line":20,"loc":{"start":{"line":20,"column":43},"end":{"line":20,"column":69}},"locations":[{"start":{"line":20,"column":43},"end":{"line":20,"column":69}}]},"3":{"type":"branch","line":20,"loc":{"start":{"line":20,"column":69},"end":{"line":65,"column":9}},"locations":[{"start":{"line":20,"column":69},"end":{"line":65,"column":9}}]}},"b":{"0":[5],"1":[5],"2":[0],"3":[0]},"fnMap":{"0":{"name":"InputField","decl":{"start":{"line":8,"column":29},"end":{"line":76,"column":1}},"loc":{"start":{"line":8,"column":29},"end":{"line":76,"column":1}},"line":8},"1":{"name":"buttonHandler","decl":{"start":{"line":19,"column":26},"end":{"line":66,"column":5}},"loc":{"start":{"line":19,"column":26},"end":{"line":66,"column":5}},"line":19},"2":{"name":"onChange","decl":{"start":{"line":70,"column":106},"end":{"line":70,"column":142}},"loc":{"start":{"line":70,"column":106},"end":{"line":70,"column":142}},"line":70}},"f":{"0":5,"1":5,"2":0}}
,"C:\\Users\\athena.whiteley\\OneDrive - Apexon\\PracticeProjects\\Magic8BallGame\\Game\\src\\Components\\Navbar.tsx": {"path":"C:\\Users\\athena.whiteley\\OneDrive - Apexon\\PracticeProjects\\Magic8BallGame\\Game\\src\\Components\\Navbar.tsx","all":true,"statementMap":{"0":{"start":{"line":1,"column":0},"end":{"line":1,"column":19}},"1":{"start":{"line":2,"column":0},"end":{"line":2,"column":0}},"2":{"start":{"line":3,"column":0},"end":{"line":3,"column":19}},"3":{"start":{"line":4,"column":0},"end":{"line":4,"column":10}},"4":{"start":{"line":5,"column":0},"end":{"line":5,"column":6}},"5":{"start":{"line":6,"column":0},"end":{"line":6,"column":11}},"6":{"start":{"line":7,"column":0},"end":{"line":7,"column":13}},"7":{"start":{"line":8,"column":0},"end":{"line":8,"column":32}},"8":{"start":{"line":9,"column":0},"end":{"line":9,"column":45}},"9":{"start":{"line":10,"column":0},"end":{"line":10,"column":45}},"10":{"start":{"line":11,"column":0},"end":{"line":11,"column":45}},"11":{"start":{"line":12,"column":0},"end":{"line":12,"column":17}},"12":{"start":{"line":13,"column":0},"end":{"line":13,"column":14}},"13":{"start":{"line":14,"column":0},"end":{"line":14,"column":12}},"14":{"start":{"line":15,"column":0},"end":{"line":15,"column":7}},"15":{"start":{"line":16,"column":0},"end":{"line":16,"column":3}},"16":{"start":{"line":17,"column":0},"end":{"line":17,"column":1}},"17":{"start":{"line":18,"column":0},"end":{"line":18,"column":0}},"18":{"start":{"line":19,"column":0},"end":{"line":19,"column":21}}},"s":{"0":0,"1":0,"2":0,"3":0,"4":0,"5":0,"6":0,"7":0,"8":0,"9":0,"10":0,"11":0,"12":0,"13":0,"14":0,"15":0,"16":0,"17":0,"18":0},"branchMap":{"0":{"type":"branch","line":1,"loc":{"start":{"line":1,"column":0},"end":{"line":19,"column":21}},"locations":[{"start":{"line":1,"column":0},"end":{"line":19,"column":21}}]}},"b":{"0":[0]},"fnMap":{"0":{"name":"(empty-report)","decl":{"start":{"line":1,"column":0},"end":{"line":19,"column":21}},"loc":{"start":{"line":1,"column":0},"end":{"line":19,"column":21}},"line":1}},"f":{"0":0}}
,"C:\\Users\\athena.whiteley\\OneDrive - Apexon\\PracticeProjects\\Magic8BallGame\\Game\\src\\Components\\Title.tsx": {"path":"C:\\Users\\athena.whiteley\\OneDrive - Apexon\\PracticeProjects\\Magic8BallGame\\Game\\src\\Components\\Title.tsx","all":true,"statementMap":{"0":{"start":{"line":1,"column":0},"end":{"line":1,"column":0}},"1":{"start":{"line":2,"column":0},"end":{"line":2,"column":0}},"2":{"start":{"line":3,"column":0},"end":{"line":3,"column":18}},"3":{"start":{"line":4,"column":0},"end":{"line":4,"column":12}},"4":{"start":{"line":5,"column":0},"end":{"line":5,"column":25}},"5":{"start":{"line":6,"column":0},"end":{"line":6,"column":44}},"6":{"start":{"line":7,"column":0},"end":{"line":7,"column":14}},"7":{"start":{"line":8,"column":0},"end":{"line":8,"column":5}},"8":{"start":{"line":9,"column":0},"end":{"line":9,"column":1}},"9":{"start":{"line":10,"column":0},"end":{"line":10,"column":0}},"10":{"start":{"line":11,"column":0},"end":{"line":11,"column":20}}},"s":{"0":0,"1":0,"2":0,"3":0,"4":0,"5":0,"6":0,"7":0,"8":0,"9":0,"10":0},"branchMap":{"0":{"type":"branch","line":1,"loc":{"start":{"line":1,"column":0},"end":{"line":11,"column":20}},"locations":[{"start":{"line":1,"column":0},"end":{"line":11,"column":20}}]}},"b":{"0":[0]},"fnMap":{"0":{"name":"(empty-report)","decl":{"start":{"line":1,"column":0},"end":{"line":11,"column":20}},"loc":{"start":{"line":1,"column":0},"end":{"line":11,"column":20}},"line":1}},"f":{"0":0}}
,"C:\\Users\\athena.whiteley\\OneDrive - Apexon\\PracticeProjects\\Magic8BallGame\\Game\\src\\Context\\AnswerContext.tsx": {"path":"C:\\Users\\athena.whiteley\\OneDrive - Apexon\\PracticeProjects\\Magic8BallGame\\Game\\src\\Context\\AnswerContext.tsx","all":false,"statementMap":{"0":{"start":{"line":1,"column":0},"end":{"line":1,"column":60}},"8":{"start":{"line":9,"column":0},"end":{"line":9,"column":75}},"10":{"start":{"line":11,"column":0},"end":{"line":11,"column":79}},"11":{"start":{"line":12,"column":0},"end":{"line":12,"column":51}},"12":{"start":{"line":13,"column":0},"end":{"line":13,"column":10}},"13":{"start":{"line":14,"column":0},"end":{"line":14,"column":56}},"14":{"start":{"line":15,"column":0},"end":{"line":15,"column":18}},"15":{"start":{"line":16,"column":0},"end":{"line":16,"column":29}},"17":{"start":{"line":18,"column":0},"end":{"line":18,"column":1}},"19":{"start":{"line":20,"column":0},"end":{"line":20,"column":51}},"20":{"start":{"line":21,"column":0},"end":{"line":21,"column":45}},"21":{"start":{"line":22,"column":0},"end":{"line":22,"column":19}},"22":{"start":{"line":23,"column":0},"end":{"line":23,"column":69}},"23":{"start":{"line":24,"column":0},"end":{"line":24,"column":5}},"24":{"start":{"line":25,"column":0},"end":{"line":25,"column":18}},"25":{"start":{"line":26,"column":0},"end":{"line":26,"column":1}}},"s":{"0":1,"8":1,"10":1,"11":5,"12":5,"13":5,"14":5,"15":5,"17":5,"19":1,"20":7,"21":7,"22":0,"23":0,"24":7,"25":7},"branchMap":{"0":{"type":"branch","line":11,"loc":{"start":{"line":11,"column":62},"end":{"line":18,"column":1}},"locations":[{"start":{"line":11,"column":62},"end":{"line":18,"column":1}}]},"1":{"type":"branch","line":20,"loc":{"start":{"line":20,"column":25},"end":{"line":26,"column":1}},"locations":[{"start":{"line":20,"column":25},"end":{"line":26,"column":1}}]},"2":{"type":"branch","line":22,"loc":{"start":{"line":22,"column":18},"end":{"line":24,"column":5}},"locations":[{"start":{"line":22,"column":18},"end":{"line":24,"column":5}}]}},"b":{"0":[5],"1":[7],"2":[0]},"fnMap":{"0":{"name":"AnswerProvider","decl":{"start":{"line":11,"column":62},"end":{"line":18,"column":1}},"loc":{"start":{"line":11,"column":62},"end":{"line":18,"column":1}},"line":11},"1":{"name":"useAnswer","decl":{"start":{"line":20,"column":25},"end":{"line":26,"column":1}},"loc":{"start":{"line":20,"column":25},"end":{"line":26,"column":1}},"line":20}},"f":{"0":5,"1":7}}
,"C:\\Users\\athena.whiteley\\OneDrive - Apexon\\PracticeProjects\\Magic8BallGame\\Game\\src\\Context\\BallOpenContext.tsx": {"path":"C:\\Users\\athena.whiteley\\OneDrive - Apexon\\PracticeProjects\\Magic8BallGame\\Game\\src\\Context\\BallOpenContext.tsx","all":false,"statementMap":{"0":{"start":{"line":1,"column":0},"end":{"line":1,"column":60}},"8":{"start":{"line":9,"column":0},"end":{"line":9,"column":79}},"10":{"start":{"line":11,"column":0},"end":{"line":11,"column":77}},"11":{"start":{"line":12,"column":0},"end":{"line":12,"column":61}},"12":{"start":{"line":13,"column":0},"end":{"line":13,"column":10}},"13":{"start":{"line":14,"column":0},"end":{"line":14,"column":64}},"14":{"start":{"line":15,"column":0},"end":{"line":15,"column":18}},"15":{"start":{"line":16,"column":0},"end":{"line":16,"column":31}},"17":{"start":{"line":18,"column":0},"end":{"line":18,"column":1}},"19":{"start":{"line":20,"column":0},"end":{"line":20,"column":51}},"20":{"start":{"line":21,"column":0},"end":{"line":21,"column":47}},"21":{"start":{"line":22,"column":0},"end":{"line":22,"column":19}},"22":{"start":{"line":23,"column":0},"end":{"line":23,"column":59}},"23":{"start":{"line":24,"column":0},"end":{"line":24,"column":5}},"24":{"start":{"line":25,"column":0},"end":{"line":25,"column":18}},"25":{"start":{"line":26,"column":0},"end":{"line":26,"column":1}}},"s":{"0":1,"8":1,"10":1,"11":5,"12":5,"13":5,"14":5,"15":5,"17":5,"19":1,"20":7,"21":7,"22":0,"23":0,"24":7,"25":7},"branchMap":{"0":{"type":"branch","line":11,"loc":{"start":{"line":11,"column":60},"end":{"line":18,"column":1}},"locations":[{"start":{"line":11,"column":60},"end":{"line":18,"column":1}}]},"1":{"type":"branch","line":20,"loc":{"start":{"line":20,"column":23},"end":{"line":26,"column":1}},"locations":[{"start":{"line":20,"column":23},"end":{"line":26,"column":1}}]},"2":{"type":"branch","line":22,"loc":{"start":{"line":22,"column":18},"end":{"line":24,"column":5}},"locations":[{"start":{"line":22,"column":18},"end":{"line":24,"column":5}}]}},"b":{"0":[5],"1":[7],"2":[0]},"fnMap":{"0":{"name":"BallProvider","decl":{"start":{"line":11,"column":60},"end":{"line":18,"column":1}},"loc":{"start":{"line":11,"column":60},"end":{"line":18,"column":1}},"line":11},"1":{"name":"useBall","decl":{"start":{"line":20,"column":23},"end":{"line":26,"column":1}},"loc":{"start":{"line":20,"column":23},"end":{"line":26,"column":1}},"line":20}},"f":{"0":5,"1":7}}
,"C:\\Users\\athena.whiteley\\OneDrive - Apexon\\PracticeProjects\\Magic8BallGame\\Game\\src\\Context\\ContextProvider.tsx": {"path":"C:\\Users\\athena.whiteley\\OneDrive - Apexon\\PracticeProjects\\Magic8BallGame\\Game\\src\\Context\\ContextProvider.tsx","all":false,"statementMap":{"0":{"start":{"line":1,"column":0},"end":{"line":1,"column":48}},"1":{"start":{"line":2,"column":0},"end":{"line":2,"column":48}},"2":{"start":{"line":3,"column":0},"end":{"line":3,"column":52}},"3":{"start":{"line":4,"column":0},"end":{"line":4,"column":46}},"4":{"start":{"line":5,"column":0},"end":{"line":5,"column":50}},"5":{"start":{"line":6,"column":0},"end":{"line":6,"column":52}},"8":{"start":{"line":9,"column":0},"end":{"line":9,"column":88}},"9":{"start":{"line":10,"column":0},"end":{"line":10,"column":40}},"10":{"start":{"line":11,"column":0},"end":{"line":11,"column":30}},"11":{"start":{"line":12,"column":0},"end":{"line":12,"column":66}},"12":{"start":{"line":13,"column":0},"end":{"line":13,"column":9}},"14":{"start":{"line":15,"column":0},"end":{"line":15,"column":104}},"15":{"start":{"line":16,"column":0},"end":{"line":16,"column":38}}},"s":{"0":1,"1":1,"2":1,"3":1,"4":1,"5":1,"8":1,"9":5,"10":5,"11":5,"12":5,"14":1,"15":1},"branchMap":{"0":{"type":"branch","line":9,"loc":{"start":{"line":9,"column":25},"end":{"line":13,"column":9}},"locations":[{"start":{"line":9,"column":25},"end":{"line":13,"column":9}}]},"1":{"type":"branch","line":9,"loc":{"start":{"line":9,"column":87},"end":{"line":13,"column":9}},"locations":[{"start":{"line":9,"column":87},"end":{"line":13,"column":9}}]},"2":{"type":"branch","line":12,"loc":{"start":{"line":12,"column":12},"end":{"line":12,"column":58}},"locations":[{"start":{"line":12,"column":12},"end":{"line":12,"column":58}}]}},"b":{"0":[1],"1":[5],"2":[30]},"fnMap":{"0":{"name":"composeProviders","decl":{"start":{"line":9,"column":25},"end":{"line":13,"column":9}},"loc":{"start":{"line":9,"column":25},"end":{"line":13,"column":9}},"line":9}},"f":{"0":1}}
,"C:\\Users\\athena.whiteley\\OneDrive - Apexon\\PracticeProjects\\Magic8BallGame\\Game\\src\\Context\\CounterContext.tsx": {"path":"C:\\Users\\athena.whiteley\\OneDrive - Apexon\\PracticeProjects\\Magic8BallGame\\Game\\src\\Context\\CounterContext.tsx","all":false,"statementMap":{"0":{"start":{"line":1,"column":0},"end":{"line":1,"column":60}},"8":{"start":{"line":9,"column":0},"end":{"line":9,"column":77}},"10":{"start":{"line":11,"column":0},"end":{"line":11,"column":80}},"11":{"start":{"line":12,"column":0},"end":{"line":12,"column":52}},"12":{"start":{"line":13,"column":0},"end":{"line":13,"column":10}},"13":{"start":{"line":14,"column":0},"end":{"line":14,"column":59}},"14":{"start":{"line":15,"column":0},"end":{"line":15,"column":18}},"15":{"start":{"line":16,"column":0},"end":{"line":16,"column":30}},"17":{"start":{"line":18,"column":0},"end":{"line":18,"column":1}},"19":{"start":{"line":20,"column":0},"end":{"line":20,"column":53}},"20":{"start":{"line":21,"column":0},"end":{"line":21,"column":46}},"21":{"start":{"line":22,"column":0},"end":{"line":22,"column":19}},"22":{"start":{"line":23,"column":0},"end":{"line":23,"column":70}},"23":{"start":{"line":24,"column":0},"end":{"line":24,"column":5}},"24":{"start":{"line":25,"column":0},"end":{"line":25,"column":18}},"25":{"start":{"line":26,"column":0},"end":{"line":26,"column":1}}},"s":{"0":1,"8":1,"10":1,"11":5,"12":5,"13":5,"14":5,"15":5,"17":5,"19":1,"20":5,"21":5,"22":0,"23":0,"24":5,"25":5},"branchMap":{"0":{"type":"branch","line":11,"loc":{"start":{"line":11,"column":63},"end":{"line":18,"column":1}},"locations":[{"start":{"line":11,"column":63},"end":{"line":18,"column":1}}]},"1":{"type":"branch","line":20,"loc":{"start":{"line":20,"column":26},"end":{"line":26,"column":1}},"locations":[{"start":{"line":20,"column":26},"end":{"line":26,"column":1}}]},"2":{"type":"branch","line":22,"loc":{"start":{"line":22,"column":18},"end":{"line":24,"column":5}},"locations":[{"start":{"line":22,"column":18},"end":{"line":24,"column":5}}]}},"b":{"0":[5],"1":[5],"2":[0]},"fnMap":{"0":{"name":"CounterProvider","decl":{"start":{"line":11,"column":63},"end":{"line":18,"column":1}},"loc":{"start":{"line":11,"column":63},"end":{"line":18,"column":1}},"line":11},"1":{"name":"useCounter","decl":{"start":{"line":20,"column":26},"end":{"line":26,"column":1}},"loc":{"start":{"line":20,"column":26},"end":{"line":26,"column":1}},"line":20}},"f":{"0":5,"1":5}}
,"C:\\Users\\athena.whiteley\\OneDrive - Apexon\\PracticeProjects\\Magic8BallGame\\Game\\src\\Context\\PositiveContext.tsx": {"path":"C:\\Users\\athena.whiteley\\OneDrive - Apexon\\PracticeProjects\\Magic8BallGame\\Game\\src\\Context\\PositiveContext.tsx","all":false,"statementMap":{"0":{"start":{"line":1,"column":0},"end":{"line":1,"column":60}},"8":{"start":{"line":9,"column":0},"end":{"line":9,"column":79}},"10":{"start":{"line":11,"column":0},"end":{"line":11,"column":81}},"11":{"start":{"line":12,"column":0},"end":{"line":12,"column":60}},"12":{"start":{"line":13,"column":0},"end":{"line":13,"column":10}},"13":{"start":{"line":14,"column":0},"end":{"line":14,"column":64}},"14":{"start":{"line":15,"column":0},"end":{"line":15,"column":18}},"15":{"start":{"line":16,"column":0},"end":{"line":16,"column":31}},"17":{"start":{"line":18,"column":0},"end":{"line":18,"column":1}},"19":{"start":{"line":20,"column":0},"end":{"line":20,"column":55}},"20":{"start":{"line":21,"column":0},"end":{"line":21,"column":47}},"21":{"start":{"line":22,"column":0},"end":{"line":22,"column":19}},"22":{"start":{"line":23,"column":0},"end":{"line":23,"column":71}},"23":{"start":{"line":24,"column":0},"end":{"line":24,"column":5}},"24":{"start":{"line":25,"column":0},"end":{"line":25,"column":18}},"25":{"start":{"line":26,"column":0},"end":{"line":26,"column":1}}},"s":{"0":1,"8":1,"10":1,"11":5,"12":5,"13":5,"14":5,"15":5,"17":5,"19":1,"20":7,"21":7,"22":0,"23":0,"24":7,"25":7},"branchMap":{"0":{"type":"branch","line":11,"loc":{"start":{"line":11,"column":64},"end":{"line":18,"column":1}},"locations":[{"start":{"line":11,"column":64},"end":{"line":18,"column":1}}]},"1":{"type":"branch","line":20,"loc":{"start":{"line":20,"column":27},"end":{"line":26,"column":1}},"locations":[{"start":{"line":20,"column":27},"end":{"line":26,"column":1}}]},"2":{"type":"branch","line":22,"loc":{"start":{"line":22,"column":18},"end":{"line":24,"column":5}},"locations":[{"start":{"line":22,"column":18},"end":{"line":24,"column":5}}]}},"b":{"0":[5],"1":[7],"2":[0]},"fnMap":{"0":{"name":"PositiveProvider","decl":{"start":{"line":11,"column":64},"end":{"line":18,"column":1}},"loc":{"start":{"line":11,"column":64},"end":{"line":18,"column":1}},"line":11},"1":{"name":"usePositive","decl":{"start":{"line":20,"column":27},"end":{"line":26,"column":1}},"loc":{"start":{"line":20,"column":27},"end":{"line":26,"column":1}},"line":20}},"f":{"0":5,"1":7}}
,"C:\\Users\\athena.whiteley\\OneDrive - Apexon\\PracticeProjects\\Magic8BallGame\\Game\\src\\Context\\QuestionContext.tsx": {"path":"C:\\Users\\athena.whiteley\\OneDrive - Apexon\\PracticeProjects\\Magic8BallGame\\Game\\src\\Context\\QuestionContext.tsx","all":false,"statementMap":{"0":{"start":{"line":1,"column":0},"end":{"line":1,"column":60}},"8":{"start":{"line":9,"column":0},"end":{"line":9,"column":79}},"10":{"start":{"line":11,"column":0},"end":{"line":11,"column":81}},"11":{"start":{"line":12,"column":0},"end":{"line":12,"column":55}},"12":{"start":{"line":13,"column":0},"end":{"line":13,"column":10}},"13":{"start":{"line":14,"column":0},"end":{"line":14,"column":62}},"14":{"start":{"line":15,"column":0},"end":{"line":15,"column":18}},"15":{"start":{"line":16,"column":0},"end":{"line":16,"column":31}},"17":{"start":{"line":18,"column":0},"end":{"line":18,"column":1}},"19":{"start":{"line":20,"column":0},"end":{"line":20,"column":55}},"20":{"start":{"line":21,"column":0},"end":{"line":21,"column":47}},"21":{"start":{"line":22,"column":0},"end":{"line":22,"column":19}},"22":{"start":{"line":23,"column":0},"end":{"line":23,"column":59}},"23":{"start":{"line":24,"column":0},"end":{"line":24,"column":5}},"24":{"start":{"line":25,"column":0},"end":{"line":25,"column":18}},"25":{"start":{"line":26,"column":0},"end":{"line":26,"column":1}}},"s":{"0":1,"8":1,"10":1,"11":5,"12":5,"13":5,"14":5,"15":5,"17":5,"19":1,"20":5,"21":5,"22":0,"23":0,"24":5,"25":5},"branchMap":{"0":{"type":"branch","line":11,"loc":{"start":{"line":11,"column":64},"end":{"line":18,"column":1}},"locations":[{"start":{"line":11,"column":64},"end":{"line":18,"column":1}}]},"1":{"type":"branch","line":20,"loc":{"start":{"line":20,"column":27},"end":{"line":26,"column":1}},"locations":[{"start":{"line":20,"column":27},"end":{"line":26,"column":1}}]},"2":{"type":"branch","line":22,"loc":{"start":{"line":22,"column":18},"end":{"line":24,"column":5}},"locations":[{"start":{"line":22,"column":18},"end":{"line":24,"column":5}}]}},"b":{"0":[5],"1":[5],"2":[0]},"fnMap":{"0":{"name":"QuestionProvider","decl":{"start":{"line":11,"column":64},"end":{"line":18,"column":1}},"loc":{"start":{"line":11,"column":64},"end":{"line":18,"column":1}},"line":11},"1":{"name":"useQuestion","decl":{"start":{"line":20,"column":27},"end":{"line":26,"column":1}},"loc":{"start":{"line":20,"column":27},"end":{"line":26,"column":1}},"line":20}},"f":{"0":5,"1":5}}
,"C:\\Users\\athena.whiteley\\OneDrive - Apexon\\PracticeProjects\\Magic8BallGame\\Game\\src\\Context\\ShakeContext.tsx": {"path":"C:\\Users\\athena.whiteley\\OneDrive - Apexon\\PracticeProjects\\Magic8BallGame\\Game\\src\\Context\\ShakeContext.tsx","all":false,"statementMap":{"0":{"start":{"line":1,"column":0},"end":{"line":1,"column":60}},"8":{"start":{"line":9,"column":0},"end":{"line":9,"column":73}},"10":{"start":{"line":11,"column":0},"end":{"line":11,"column":78}},"11":{"start":{"line":12,"column":0},"end":{"line":12,"column":53}},"12":{"start":{"line":13,"column":0},"end":{"line":13,"column":10}},"13":{"start":{"line":14,"column":0},"end":{"line":14,"column":53}},"14":{"start":{"line":15,"column":0},"end":{"line":15,"column":18}},"15":{"start":{"line":16,"column":0},"end":{"line":16,"column":28}},"17":{"start":{"line":18,"column":0},"end":{"line":18,"column":1}},"19":{"start":{"line":20,"column":0},"end":{"line":20,"column":49}},"20":{"start":{"line":21,"column":0},"end":{"line":21,"column":44}},"21":{"start":{"line":22,"column":0},"end":{"line":22,"column":19}},"22":{"start":{"line":23,"column":0},"end":{"line":23,"column":56}},"23":{"start":{"line":24,"column":0},"end":{"line":24,"column":5}},"24":{"start":{"line":25,"column":0},"end":{"line":25,"column":18}},"25":{"start":{"line":26,"column":0},"end":{"line":26,"column":1}}},"s":{"0":1,"8":1,"10":1,"11":5,"12":5,"13":5,"14":5,"15":5,"17":5,"19":1,"20":7,"21":7,"22":0,"23":0,"24":7,"25":7},"branchMap":{"0":{"type":"branch","line":11,"loc":{"start":{"line":11,"column":61},"end":{"line":18,"column":1}},"locations":[{"start":{"line":11,"column":61},"end":{"line":18,"column":1}}]},"1":{"type":"branch","line":20,"loc":{"start":{"line":20,"column":24},"end":{"line":26,"column":1}},"locations":[{"start":{"line":20,"column":24},"end":{"line":26,"column":1}}]},"2":{"type":"branch","line":22,"loc":{"start":{"line":22,"column":18},"end":{"line":24,"column":5}},"locations":[{"start":{"line":22,"column":18},"end":{"line":24,"column":5}}]}},"b":{"0":[5],"1":[7],"2":[0]},"fnMap":{"0":{"name":"ShakeProvider","decl":{"start":{"line":11,"column":61},"end":{"line":18,"column":1}},"loc":{"start":{"line":11,"column":61},"end":{"line":18,"column":1}},"line":11},"1":{"name":"useShake","decl":{"start":{"line":20,"column":24},"end":{"line":26,"column":1}},"loc":{"start":{"line":20,"column":24},"end":{"line":26,"column":1}},"line":20}},"f":{"0":5,"1":7}}
}
